C:\CVSROOT\ALS_(AMBIENT_LIGHT_SENSORS)\SOFTWARE\WORKSPACES.DEVEL\OUTPUT\DEBUG\ISLTOFREGDRV\ALSBASECLASS.OBJ
C:\CVSROOT\ALS_(AMBIENT_LIGHT_SENSORS)\SOFTWARE\WORKSPACES.DEVEL\OUTPUT\DEBUG\ISLTOFREGDRV\AVGSTATS.OBJ
C:\CVSROOT\ALS_(AMBIENT_LIGHT_SENSORS)\SOFTWARE\WORKSPACES.DEVEL\OUTPUT\DEBUG\ISLTOFREGDRV\RESMGR.OBJ
C:\CVSROOT\ALS_(AMBIENT_LIGHT_SENSORS)\SOFTWARE\WORKSPACES.DEVEL\OUTPUT\DEBUG\ISLTOFREGDRV\REGISTERS.OBJ
C:\CVSROOT\ALS_(AMBIENT_LIGHT_SENSORS)\SOFTWARE\WORKSPACES.DEVEL\OUTPUT\DEBUG\ISLTOFREGDRV\ALSPRXI2CIO.OBJ
C:\CVSROOT\ALS_(AMBIENT_LIGHT_SENSORS)\SOFTWARE\WORKSPACES.DEVEL\OUTPUT\DEBUG\ISLTOFREGDRV\CAPI.OBJ
C:\CVSROOT\ALS_(AMBIENT_LIGHT_SENSORS)\SOFTWARE\WORKSPACES.DEVEL\OUTPUT\DEBUG\ISLTOFREGDRV\VC110.PDB
C:\CVSROOT\ALS_(ambient_light_sensors)\Software\Workspaces.devel\output\Debug\lib\islTofRegDrv.lib
C:\CVSROOT\ALS_(ambient_light_sensors)\Software\Workspaces.devel\output\Debug\lib\islTofRegDrv.exp
C:\CVSROOT\ALS_(ambient_light_sensors)\Software\Workspaces.devel\output\Debug\islTofRegDrv\ALSbaseClass.obj
C:\CVSROOT\ALS_(ambient_light_sensors)\Software\Workspaces.devel\output\Debug\islTofRegDrv\alsPrxI2cIo.obj
C:\CVSROOT\ALS_(ambient_light_sensors)\Software\Workspaces.devel\output\Debug\islTofRegDrv\avgStats.obj
C:\CVSROOT\ALS_(ambient_light_sensors)\Software\Workspaces.devel\output\Debug\islTofRegDrv\cApi.obj
C:\CVSROOT\ALS_(ambient_light_sensors)\Software\Workspaces.devel\output\Debug\islTofRegDrv\registers.obj
C:\CVSROOT\ALS_(ambient_light_sensors)\Software\Workspaces.devel\output\Debug\islTofRegDrv\resMgr.obj
C:\CVSROOT\ALS_(ambient_light_sensors)\Software\Workspaces.devel\output\Debug\islTofRegDrv\cl.command.1.tlog
C:\CVSROOT\ALS_(ambient_light_sensors)\Software\Workspaces.devel\output\Debug\islTofRegDrv\CL.read.1.tlog
C:\CVSROOT\ALS_(ambient_light_sensors)\Software\Workspaces.devel\output\Debug\islTofRegDrv\CL.write.1.tlog
C:\CVSROOT\ALS_(ambient_light_sensors)\Software\Workspaces.devel\output\Debug\islTofRegDrv\islTofRegDrv.write.1.tlog
C:\CVSROOT\ALS_(ambient_light_sensors)\Software\Workspaces.devel\output\Debug\islTofRegDrv\link-cvtres.read.1.tlog
C:\CVSROOT\ALS_(ambient_light_sensors)\Software\Workspaces.devel\output\Debug\islTofRegDrv\link-cvtres.write.1.tlog
C:\CVSROOT\ALS_(ambient_light_sensors)\Software\Workspaces.devel\output\Debug\islTofRegDrv\link-mt.read.1.tlog
C:\CVSROOT\ALS_(ambient_light_sensors)\Software\Workspaces.devel\output\Debug\islTofRegDrv\link-mt.write.1.tlog
C:\CVSROOT\ALS_(ambient_light_sensors)\Software\Workspaces.devel\output\Debug\islTofRegDrv\link-rc.read.1.tlog
C:\CVSROOT\ALS_(ambient_light_sensors)\Software\Workspaces.devel\output\Debug\islTofRegDrv\link-rc.write.1.tlog
C:\CVSROOT\ALS_(ambient_light_sensors)\Software\Workspaces.devel\output\Debug\islTofRegDrv\link.4952.read.1.tlog
C:\CVSROOT\ALS_(ambient_light_sensors)\Software\Workspaces.devel\output\Debug\islTofRegDrv\link.4952.write.1.tlog
C:\CVSROOT\ALS_(ambient_light_sensors)\Software\Workspaces.devel\output\Debug\islTofRegDrv\link.command.1.tlog
C:\CVSROOT\ALS_(ambient_light_sensors)\Software\Workspaces.devel\output\Debug\islTofRegDrv\link.read.1.tlog
C:\CVSROOT\ALS_(ambient_light_sensors)\Software\Workspaces.devel\output\Debug\islTofRegDrv\link.write.1.tlog
C:\CVSROOT\ALS_(ambient_light_sensors)\Software\Workspaces.devel\output\Debug\islTofRegDrv\vc110.idb
C:\CVSROOT\ALS_(ambient_light_sensors)\Software\Workspaces.devel\output\Debug\islTofRegDrv\vc110.pdb
C:\CVSROOT\ALS_(ambient_light_sensors)\Software\Workspaces.devel\output\Debug\bin\islTofRegDrv.pdb
