Build started 6/12/2015 10:31:45 AM.
     1>Project "C:\Users\jgetchel\Documents\Workspaces.devel\Libs\islTofRegDrv\islTofRegDrv.vcxproj" on node 2 (Build target(s)).
     1>ClCompile:
         C:\Program Files (x86)\Microsoft Visual Studio 14.0\VC\bin\CL.exe /c /ZI /nologo /W4 /WX- /Od /Oy- /D WIN32 /D _WINDOWS /D _DEBUG /D _USRDLL /D _WINDLL /D _UNICODE /D UNICODE /D _AFXDLL /Gm /EHsc /RTC1 /MDd /GS /fp:precise /Zc:wchar_t /Zc:forScope /Zc:inline /Fo"C:\Users\jgetchel\Documents\Workspaces.devel\output\Debug\islTofRegDrv\\" /Fd"C:\Users\jgetchel\Documents\Workspaces.devel\output\Debug\islTofRegDrv\vc140.pdb" /Gd /TP /analyze- /errorReport:prompt source\ALSbaseClass.cpp source\alsPrxI2cIo.cpp source\avgStats.cpp source\cApi.cpp source\registers.cpp source\resMgr.cpp
         resMgr.cpp
     1>c:\users\jgetchel\documents\workspaces.devel\libs\isltofregdrv\source\alsbaseclass.h(232): warning C4459: declaration of 'pDrvApi' hides global declaration
         c:\users\jgetchel\documents\workspaces.devel\libs\isltofregdrv\source\alsprxtypes.h(80): note: see declaration of 'pDrvApi'
         >>>>>>>>>>> JWG: CresourceManager::detectDevice <<<<<<<<<<<<<<
         registers.cpp
     1>c:\users\jgetchel\documents\workspaces.devel\libs\isltofregdrv\source\alsbaseclass.h(232): warning C4459: declaration of 'pDrvApi' hides global declaration
         c:\users\jgetchel\documents\workspaces.devel\libs\isltofregdrv\source\alsprxtypes.h(80): note: see declaration of 'pDrvApi'
         cApi.cpp
     1>c:\users\jgetchel\documents\workspaces.devel\libs\isltofregdrv\source\alsbaseclass.h(232): warning C4459: declaration of 'pDrvApi' hides global declaration
         c:\users\jgetchel\documents\workspaces.devel\libs\isltofregdrv\source\alsprxtypes.h(80): note: see declaration of 'pDrvApi'
         avgStats.cpp
     1>c:\users\jgetchel\documents\workspaces.devel\libs\isltofregdrv\source\alsbaseclass.h(232): warning C4459: declaration of 'pDrvApi' hides global declaration
         c:\users\jgetchel\documents\workspaces.devel\libs\isltofregdrv\source\alsprxtypes.h(80): note: see declaration of 'pDrvApi'
     1>c:\users\jgetchel\documents\workspaces.devel\libs\isltofregdrv\source\avgstats.cpp(43): warning C4245: 'initializing': conversion from 'int' to 'uw', signed/unsigned mismatch
         alsPrxI2cIo.cpp
     1>c:\users\jgetchel\documents\workspaces.devel\libs\isltofregdrv\source\alsbaseclass.h(232): warning C4459: declaration of 'pDrvApi' hides global declaration
         c:\users\jgetchel\documents\workspaces.devel\libs\isltofregdrv\source\alsprxtypes.h(80): note: see declaration of 'pDrvApi'
     1>c:\users\jgetchel\documents\workspaces.devel\libs\isltofregdrv\source\alsprxi2cio.cpp(126): warning C4101: 'ia': unreferenced local variable
         ALSbaseClass.cpp
     1>c:\users\jgetchel\documents\workspaces.devel\libs\isltofregdrv\source\alsbaseclass.h(232): warning C4459: declaration of 'pDrvApi' hides global declaration
         c:\users\jgetchel\documents\workspaces.devel\libs\isltofregdrv\source\alsprxtypes.h(80): note: see declaration of 'pDrvApi'
         Generating Code...
       Link:
         C:\Program Files (x86)\Microsoft Visual Studio 14.0\VC\bin\link.exe /ERRORREPORT:PROMPT /OUT:"C:\Users\jgetchel\Documents\Workspaces.devel\output\Debug\bin\islTofRegDrv.dll" /INCREMENTAL /NOLOGO /DEF:"source\islTofRegDrv.def" /MANIFEST /MANIFESTUAC:"level='asInvoker' uiAccess='false'" /manifest:embed /manifestinput:"C:\Program Files (x86)\Microsoft Visual Studio 14.0\VC\Include\Manifest\dpiaware.manifest" /Debug /PDB:"C:\Users\jgetchel\Documents\Workspaces.devel\output\Debug\bin\islTofRegDrv.pdb" /SUBSYSTEM:WINDOWS /TLBID:1 /DYNAMICBASE /NXCOMPAT /DELAY:UNLOAD /IMPLIB:"C:\Users\jgetchel\Documents\Workspaces.devel\output\Debug\bin\..\lib\islTofRegDrv.lib" /MACHINE:X86 /SAFESEH:NO /DLL C:\Users\jgetchel\Documents\Workspaces.devel\output\Debug\islTofRegDrv\ALSbaseClass.obj
         C:\Users\jgetchel\Documents\Workspaces.devel\output\Debug\islTofRegDrv\alsPrxI2cIo.obj
         C:\Users\jgetchel\Documents\Workspaces.devel\output\Debug\islTofRegDrv\avgStats.obj
         C:\Users\jgetchel\Documents\Workspaces.devel\output\Debug\islTofRegDrv\cApi.obj
         C:\Users\jgetchel\Documents\Workspaces.devel\output\Debug\islTofRegDrv\registers.obj
         C:\Users\jgetchel\Documents\Workspaces.devel\output\Debug\islTofRegDrv\resMgr.obj
            Creating library C:\Users\jgetchel\Documents\Workspaces.devel\output\Debug\bin\..\lib\islTofRegDrv.lib and object C:\Users\jgetchel\Documents\Workspaces.devel\output\Debug\bin\..\lib\islTofRegDrv.exp
         islTofRegDrv.vcxproj -> C:\Users\jgetchel\Documents\Workspaces.devel\output\Debug\bin\islTofRegDrv.dll
     1>Done Building Project "C:\Users\jgetchel\Documents\Workspaces.devel\Libs\islTofRegDrv\islTofRegDrv.vcxproj" (Build target(s)).

Build succeeded.

Time Elapsed 00:00:02.46
